[2020-12-07T06:36:53.936797+00:00] app.INFO: Controller Openned [] []
[2020-12-07T06:36:53.940313+00:00] app.INFO: Body : {"tes":"tes"} []
[2020-12-07T06:36:53.949364+00:00] app.INFO: Response :  [{"name":"Ilham"},{"name":"Fadil"},{"name":"Oktora"}] []
[2020-12-07T06:36:53.950688+00:00] app.INFO: Controller Closed [] []
[2020-12-07T06:44:46.028485+00:00] app.INFO: Controller Openned [] []
[2020-12-07T06:44:46.031843+00:00] app.INFO: Body : {"tes":"tes"} []
[2020-12-07T06:44:46.039820+00:00] app.INFO: Response :  [{"name":"Ilham"},{"name":"Fadil"},{"name":"Oktora"}] []
[2020-12-07T06:44:46.040340+00:00] app.INFO: Controller Closed [] []
[2020-12-07T06:44:55.548045+00:00] app.INFO: Controller Openned [] []
[2020-12-07T06:44:55.551465+00:00] app.INFO: Body : {"tes":"tes"} []
[2020-12-07T06:44:55.558910+00:00] app.INFO: Response :  [{"name":"Ilham"},{"name":"Fadil"},{"name":"Oktora"}] []
[2020-12-07T06:44:55.559337+00:00] app.INFO: Controller Closed [] []
[2020-12-07T06:45:10.107533+00:00] app.INFO: Controller Openned [] []
[2020-12-07T06:45:10.116915+00:00] app.INFO: Response :  [{"name":"Ilham"},{"name":"Fadil"},{"name":"Oktora"}] []
[2020-12-07T06:45:10.117367+00:00] app.INFO: Controller Closed [] []
[2020-12-07T06:45:48.202527+00:00] app.INFO: Controller Openned [] []
[2020-12-07T06:45:48.211852+00:00] app.INFO: Response :  [] []
[2020-12-07T06:45:48.212278+00:00] app.INFO: Controller Closed [] []
[2020-12-07T06:47:01.458181+00:00] app.INFO: Controller Openned [] []
[2020-12-07T06:47:01.463139+00:00] app.INFO: Params : {"test":"test"} []
[2020-12-07T06:47:01.468642+00:00] app.INFO: Response :  [] []
[2020-12-07T06:47:01.469125+00:00] app.INFO: Controller Closed [] []
[2020-12-07T06:48:04.844678+00:00] app.INFO: Controller Openned [] []
[2020-12-07T06:48:04.856912+00:00] app.INFO: Response :  [{"name":"Ilham"},{"name":"Fadil"},{"name":"Oktora"}] []
[2020-12-07T06:48:04.857347+00:00] app.INFO: Controller Closed [] []
[2020-12-07T06:48:18.273731+00:00] app.INFO: Controller Openned [] []
[2020-12-07T06:48:18.282678+00:00] app.INFO: Controller Closed [] []
[2020-12-07T06:49:00.378389+00:00] app.INFO: Controller Openned [] []
[2020-12-07T06:49:00.387587+00:00] app.INFO: Controller Closed [] []
[2020-12-07T07:17:21.524833+00:00] app.INFO: Controller Openned [] []
[2020-12-07T07:17:21.550579+00:00] app.INFO: Controller Closed [] []
[2020-12-07T07:17:31.839304+00:00] app.INFO: Controller Openned [] []
[2020-12-07T07:17:31.971580+00:00] app.INFO: Controller Closed [] []
[2020-12-07T07:19:24.992713+00:00] app.INFO: Controller Openned [] []
[2020-12-07T07:19:25.054458+00:00] app.INFO: Controller Closed [] []
[2020-12-07T07:19:47.821868+00:00] app.INFO: Controller Openned [] []
[2020-12-07T07:19:47.859492+00:00] app.INFO: Controller Closed [] []
[2020-12-07T07:20:01.322929+00:00] app.INFO: Controller Openned [] []
[2020-12-07T07:20:01.336117+00:00] app.INFO: Controller Closed [] []
[2020-12-07T07:20:53.697491+00:00] app.INFO: Controller Openned [] []
[2020-12-07T07:20:53.713766+00:00] app.INFO: Controller Closed [] []
[2020-12-07T07:20:59.837949+00:00] app.INFO: Controller Openned [] []
[2020-12-07T07:20:59.851361+00:00] app.INFO: Response :  [{"id":"1","username":"Ilham"},{"id":"2","username":"Hilman"},{"id":"3","username":"Fayzal"},{"id":"4","username":"Fadil"},{"id":"5","username":"Ahmad"},{"id":"6","username":"Febriansyah"},{"id":"7","username":"Oktora"},{"id":"8","username":"Sianipar"},{"id":"9","username":"Sultan"},{"id":"10","username":"Maulana"},{"id":"11","username":"Husein"},{"id":"12","username":"Dennis"},{"id":"13","username":"Arfan"},{"id":"14","username":"Heri"},{"id":"15","username":"Hermawan"},{"id":"16","username":"Hadiyan"}] []
[2020-12-07T07:20:59.852139+00:00] app.INFO: Controller Closed [] []
[2020-12-07T07:22:10.474405+00:00] app.INFO: Controller Openned [] []
[2020-12-07T07:22:10.488261+00:00] app.INFO: Response :  [{"id":"1","username":"Ilham"},{"id":"2","username":"Hilman"},{"id":"3","username":"Fayzal"},{"id":"4","username":"Fadil"},{"id":"5","username":"Ahmad"},{"id":"6","username":"Febriansyah"},{"id":"7","username":"Oktora"},{"id":"8","username":"Sianipar"},{"id":"9","username":"Sultan"},{"id":"10","username":"Maulana"},{"id":"11","username":"Husein"},{"id":"12","username":"Dennis"},{"id":"13","username":"Arfan"},{"id":"14","username":"Heri"},{"id":"15","username":"Hermawan"},{"id":"16","username":"Hadiyan"}] []
[2020-12-07T07:22:10.488819+00:00] app.INFO: Controller Closed [] []
[2020-12-07T07:25:20.048415+00:00] app.INFO: Controller Openned [] []
[2020-12-07T07:25:20.067812+00:00] app.INFO: Response :  [{"id":"1","username":"Ilham"},{"id":"2","username":"Hilman"},{"id":"3","username":"Fayzal"},{"id":"4","username":"Fadil"},{"id":"5","username":"Ahmad"},{"id":"6","username":"Febriansyah"},{"id":"7","username":"Oktora"},{"id":"8","username":"Sianipar"},{"id":"9","username":"Sultan"},{"id":"10","username":"Maulana"},{"id":"11","username":"Husein"},{"id":"12","username":"Dennis"},{"id":"13","username":"Arfan"},{"id":"14","username":"Heri"},{"id":"15","username":"Hermawan"},{"id":"16","username":"Hadiyan"}] []
[2020-12-07T07:25:20.068314+00:00] app.INFO: Controller Closed [] []
[2020-12-07T07:28:30.805597+00:00] app.INFO: Controller Openned [] []
[2020-12-07T07:28:30.816729+00:00] app.INFO: Controller Closed [] []
[2020-12-07T07:28:38.171696+00:00] app.INFO: Controller Openned [] []
[2020-12-07T07:28:38.192198+00:00] app.INFO: Response :  [{"id":"1","username":"Ilham"},{"id":"2","username":"Hilman"},{"id":"3","username":"Fayzal"},{"id":"4","username":"Fadil"},{"id":"5","username":"Ahmad"},{"id":"6","username":"Febriansyah"},{"id":"7","username":"Oktora"},{"id":"8","username":"Sianipar"},{"id":"9","username":"Sultan"},{"id":"10","username":"Maulana"},{"id":"11","username":"Husein"},{"id":"12","username":"Dennis"},{"id":"13","username":"Arfan"},{"id":"14","username":"Heri"},{"id":"15","username":"Hermawan"},{"id":"16","username":"Hadiyan"}] []
[2020-12-07T07:28:38.192712+00:00] app.INFO: Controller Closed [] []
[2020-12-07T08:13:05.281811+00:00] app.INFO: Controller Openned [] []
[2020-12-07T08:13:05.298493+00:00] app.INFO: Response :  {"message":"Form incomplete","username":["Username is required"],"password":["Password is required"]} []
[2020-12-07T08:13:05.298597+00:00] app.INFO: Controller Closed [] []
[2020-12-07T08:13:29.079798+00:00] app.INFO: Controller Openned [] []
[2020-12-07T08:13:29.088043+00:00] app.INFO: Body : {"username":"Ilhams"} []
[2020-12-07T08:13:29.092550+00:00] app.INFO: Response :  {"message":"Form incomplete","password":["Password is required"]} []
[2020-12-07T08:13:29.092645+00:00] app.INFO: Controller Closed [] []
[2020-12-07T08:13:35.930442+00:00] app.INFO: Controller Openned [] []
[2020-12-07T08:13:35.939589+00:00] app.INFO: Body : {"username":"Ilhams","password":"Ilhams"} []
[2020-12-07T08:13:35.955704+00:00] app.INFO: Controller Closed [] []
[2020-12-07T08:14:16.660598+00:00] app.INFO: Controller Openned [] []
[2020-12-07T08:14:16.686531+00:00] app.INFO: Body : {"username":"Ilhams","password":"Ilhams"} []
[2020-12-07T08:14:16.702376+00:00] app.INFO: Controller Closed [] []
[2020-12-07T08:24:15.708109+00:00] app.INFO: Controller Openned [] []
[2020-12-07T08:24:15.718499+00:00] app.INFO: Body : {"username":"Ilhams","password":"Ilhams"} []
[2020-12-07T08:24:15.732737+00:00] app.INFO: Controller Closed [] []
[2020-12-07T08:24:34.996308+00:00] app.INFO: Controller Openned [] []
[2020-12-07T08:24:35.002957+00:00] app.INFO: Body : {"username":"Ilhams","password":"Ilhams"} []
[2020-12-07T08:24:35.013703+00:00] app.INFO: Controller Closed [] []
[2020-12-07T08:24:50.565079+00:00] app.INFO: Controller Openned [] []
[2020-12-07T08:24:50.571936+00:00] app.INFO: Body : {"username":"Ilhams","password":"Ilhams"} []
[2020-12-07T08:24:50.575585+00:00] app.INFO: Response :  {"message":"Username not found"} []
[2020-12-07T08:24:50.575660+00:00] app.INFO: Controller Closed [] []
[2020-12-07T08:24:59.918048+00:00] app.INFO: Controller Openned [] []
[2020-12-07T08:24:59.925864+00:00] app.INFO: Body : {"username":"Ilham","password":"Ilhams"} []
[2020-12-07T08:24:59.928674+00:00] app.INFO: Response :  {"message":"Password not match"} []
[2020-12-07T08:24:59.928808+00:00] app.INFO: Controller Closed [] []
[2020-12-07T08:25:07.207700+00:00] app.INFO: Controller Openned [] []
[2020-12-07T08:25:07.213110+00:00] app.INFO: Body : {"username":"Ilham","password":"Ilham"} []
[2020-12-07T08:25:07.216208+00:00] app.INFO: Response :  {"token":"202012070825071607329507"} []
[2020-12-07T08:25:07.216333+00:00] app.INFO: Controller Closed [] []
[2020-12-07T08:26:40.508715+00:00] app.INFO: Controller Openned [] []
[2020-12-07T08:26:40.515742+00:00] app.INFO: Body : {"username":"Ilhams","password":"Ilham"} []
[2020-12-07T08:26:40.521964+00:00] app.INFO: Response :  {"message":"Username not found"} []
[2020-12-07T08:26:40.522034+00:00] app.INFO: Controller Closed [] []
